#
# There is insufficient memory for the Java Runtime Environment to continue.
# Native memory allocation (malloc) failed to allocate 1030016 bytes for Chunk::new
# Possible reasons:
#   The system is out of physical RAM or swap space
#   In 32 bit mode, the process size limit was hit
# Possible solutions:
#   Reduce memory load on the system
#   Increase physical memory or swap space
#   Check if swap backing store is full
#   Use 64 bit Java on a 64 bit OS
#   Decrease Java heap size (-Xmx/-Xms)
#   Decrease number of Java threads
#   Decrease Java thread stack sizes (-Xss)
#   Set larger code cache with -XX:ReservedCodeCacheSize=
# This output file may be truncated or incomplete.
#
#  Out of Memory Error (allocation.cpp:390), pid=6640, tid=0x00000000000007c8
#
# JRE version: OpenJDK Runtime Environment (8.0_152-b02) (build 1.8.0_152-release-1024-b02)
# Java VM: OpenJDK 64-Bit Server VM (25.152-b02 mixed mode windows-amd64 compressed oops)
# Failed to write core dump. Minidumps are not enabled by default on client versions of Windows
#

---------------  T H R E A D  ---------------

Current thread (0x00000000163ff000):  JavaThread "C2 CompilerThread1" daemon [_thread_in_native, id=1992, stack(0x0000000017b70000,0x0000000017c70000)]

Stack: [0x0000000017b70000,0x0000000017c70000]
[error occurred during error reporting (printing stack bounds), id 0xc0000005]

Native frames: (J=compiled Java code, j=interpreted, Vv=VM code, C=native code)


Current CompileTask:
C2:3443476 14270   !   4       org.gradle.internal.service.DefaultServiceRegistry::doGet (102 bytes)


---------------  P R O C E S S  ---------------

Java Threads: ( => current thread )
  0x0000000019635800 JavaThread "build operations Thread 4" [_thread_blocked, id=13144, stack(0x000000002da30000,0x000000002db30000)]
  0x000000001962a800 JavaThread "build operations Thread 3" [_thread_blocked, id=13228, stack(0x000000002d930000,0x000000002da30000)]
  0x0000000019631000 JavaThread "build operations Thread 2" [_thread_blocked, id=7488, stack(0x000000002d830000,0x000000002d930000)]
  0x000000001962e000 JavaThread "build operations" [_thread_blocked, id=3664, stack(0x000000002d730000,0x000000002d830000)]
  0x000000001962b800 JavaThread "Cache worker for Artifact transforms cache (C:\Users\Renan-PC\.gradle\caches\transforms-1)" [_thread_blocked, id=10104, stack(0x000000002d630000,0x000000002d730000)]
  0x000000001962d000 JavaThread "Cache worker for file hash cache (C:\Users\Renan-PC\AndroidStudioProjects\AndroidMySql\.gradle\4.4\fileHashes)" [_thread_blocked, id=12808, stack(0x000000002d530000,0x000000002d630000)]
  0x000000001962e800 JavaThread "Stdin handler" [_thread_blocked, id=388, stack(0x000000002d430000,0x000000002d530000)]
  0x0000000019628800 JavaThread "Asynchronous log dispatcher for DefaultDaemonConnection: socket connection from /127.0.0.1:10618 to /127.0.0.1:11097" [_thread_blocked, id=9332, stack(0x000000002d330000,0x000000002d430000)]
  0x000000001962a000 JavaThread "Cancel handler" [_thread_blocked, id=6484, stack(0x000000002d230000,0x000000002d330000)]
  0x0000000019627000 JavaThread "Handler for socket connection from /127.0.0.1:10618 to /127.0.0.1:11097" [_thread_in_native, id=1412, stack(0x000000002d130000,0x000000002d230000)]
  0x000000001b0a2800 JavaThread "Daemon worker Thread 3" [_thread_in_Java, id=2020, stack(0x000000002b830000,0x000000002b930000)]
  0x000000001b0a1800 JavaThread "Daemon Thread 3" [_thread_blocked, id=2220, stack(0x000000002b530000,0x000000002b630000)]
  0x0000000019627800 JavaThread "Java2D Disposer" daemon [_thread_blocked, id=10188, stack(0x0000000024c30000,0x0000000024d30000)]
  0x0000000017ef8800 JavaThread "Memory manager" [_thread_blocked, id=7348, stack(0x0000000022070000,0x0000000022170000)]
  0x000000001b0a3000 JavaThread "pool-1-thread-1" [_thread_blocked, id=1776, stack(0x0000000021d70000,0x0000000021e70000)]
  0x00000000192b0800 JavaThread "File lock request listener" [_thread_in_native, id=4552, stack(0x000000001aed0000,0x000000001afd0000)]
  0x00000000194f9800 JavaThread "Cache worker for file hash cache (C:\Users\Renan-PC\.gradle\caches\4.4\fileHashes)" [_thread_blocked, id=9440, stack(0x000000001add0000,0x000000001aed0000)]
  0x0000000019329000 JavaThread "Daemon periodic checks" [_thread_blocked, id=2856, stack(0x000000001a2d0000,0x000000001a3d0000)]
  0x0000000019470800 JavaThread "Incoming local TCP Connector on port 10618" [_thread_in_native, id=7952, stack(0x000000001a080000,0x000000001a180000)]
  0x0000000017da0800 JavaThread "Service Thread" daemon [_thread_blocked, id=11152, stack(0x0000000018170000,0x0000000018270000)]
  0x0000000016412800 JavaThread "C1 CompilerThread2" daemon [_thread_in_native, id=5516, stack(0x0000000017c70000,0x0000000017d70000)]
=>0x00000000163ff000 JavaThread "C2 CompilerThread1" daemon [_thread_in_native, id=1992, stack(0x0000000017b70000,0x0000000017c70000)]
  0x00000000163f9000 JavaThread "C2 CompilerThread0" daemon [_thread_in_native, id=12664, stack(0x0000000017a70000,0x0000000017b70000)]
  0x00000000163f8800 JavaThread "Attach Listener" daemon [_thread_blocked, id=3296, stack(0x0000000017970000,0x0000000017a70000)]
  0x0000000016405000 JavaThread "Signal Dispatcher" daemon [_thread_blocked, id=12888, stack(0x0000000017870000,0x0000000017970000)]
  0x00000000163e8800 JavaThread "Finalizer" daemon [_thread_blocked, id=3784, stack(0x0000000017650000,0x0000000017750000)]
  0x0000000002a51800 JavaThread "Reference Handler" daemon [_thread_blocked, id=4152, stack(0x0000000017550000,0x0000000017650000)]
  0x000000000284e800 JavaThread "main" [_thread_blocked, id=12956, stack(0x0000000002850000,0x0000000002950000)]

Other Threads:
  0x00000000163c5800 VMThread [stack: 0x0000000017450000,0x0000000017550000] [id=10552]
  0x0000000016453800 WatcherThread [stack: 0x0000000018270000,0x0000000018370000] [id=6200]

VM state:not at safepoint (normal execution)

VM Mutex/Monitor currently owned by a thread: None

Heap:
 PSYoungGen      total 206848K, used 91146K [0x00000000e0000000, 0x00000000ef100000, 0x0000000100000000)
  eden space 188416K, 43% used [0x00000000e0000000,0x00000000e4f51f20,0x00000000eb800000)
  from space 18432K, 53% used [0x00000000eb800000,0x00000000ec1b0ad0,0x00000000eca00000)
  to   space 17920K, 0% used [0x00000000edf80000,0x00000000edf80000,0x00000000ef100000)
 ParOldGen       total 141312K, used 53253K [0x00000000a0000000, 0x00000000a8a00000, 0x00000000e0000000)
  object space 141312K, 37% used [0x00000000a0000000,0x00000000a3401690,0x00000000a8a00000)
 Metaspace       used 76369K, capacity 79400K, committed 79576K, reserved 1118208K
  class space    used 9751K, capacity 10454K, committed 10496K, reserved 1048576K

Card table byte_map: [0x0000000011e30000,0x0000000012140000] byte_map_base: 0x0000000011930000

Marking Bits: (ParMarkBitMap*) 0x0000000051a84970
 Begin Bits: [0x0000000012740000, 0x0000000013f40000)
 End Bits:   [0x0000000013f40000, 0x0000000015740000)

Polling page: 0x0000000002800000

CodeCache: size=245760Kb used=39336Kb max_used=39336Kb free=206423Kb
 bounds [0x0000000002a70000, 0x0000000005110000, 0x0000000011a70000]
 total_blobs=12787 nmethods=11850 adapters=849
 compilation: enabled

Compilation events (10 events):
Event: 3442.309 Thread 0x00000000163f9000 nmethod 14364 0x0000000004c24190 code [0x0000000004c242e0, 0x0000000004c243b8]
Event: 3442.309 Thread 0x00000000163f9000 14368       4       com.sun.org.apache.xerces.internal.util.ParserConfigurationSettings::getFeatureState (46 bytes)
Event: 3442.309 Thread 0x0000000016412800 nmethod 14366 0x0000000004bbc390 code [0x0000000004bbc5c0, 0x0000000004bbd458]
Event: 3442.309 Thread 0x0000000016412800 14369       3       org.xml.sax.helpers.AttributesImpl::getQName (25 bytes)
Event: 3442.309 Thread 0x0000000016412800 nmethod 14369 0x0000000004bc3a50 code [0x0000000004bc3bc0, 0x0000000004bc3dd0]
Event: 3442.309 Thread 0x0000000016412800 14370       3       org.xml.sax.helpers.AttributesImpl::getType (25 bytes)
Event: 3442.310 Thread 0x0000000016412800 nmethod 14370 0x0000000004bc35d0 code [0x0000000004bc3740, 0x0000000004bc3950]
Event: 3442.310 Thread 0x0000000016412800 14367       3       com.sun.xml.internal.stream.XMLEntityStorage::reset (43 bytes)
Event: 3442.310 Thread 0x0000000016412800 nmethod 14367 0x0000000004bbb310 code [0x0000000004bbb500, 0x0000000004bbbf78]
Event: 3442.314 Thread 0x0000000016412800 14371       3       com.sun.org.apache.xerces.internal.impl.dv.xs.XSSimpleTypeDecl::checkFacets (969 bytes)

GC Heap History (10 events):
Event: 35.828 GC heap before
{Heap before GC invocations=20 (full 3):
 PSYoungGen      total 143360K, used 142875K [0x00000000e0000000, 0x00000000ea600000, 0x0000000100000000)
  eden space 134656K, 100% used [0x00000000e0000000,0x00000000e8380000,0x00000000e8380000)
  from space 8704K, 94% used [0x00000000e9d80000,0x00000000ea586ec8,0x00000000ea600000)
  to   space 15360K, 0% used [0x00000000e8800000,0x00000000e8800000,0x00000000e9700000)
 ParOldGen       total 141312K, used 41649K [0x00000000a0000000, 0x00000000a8a00000, 0x00000000e0000000)
  object space 141312K, 29% used [0x00000000a0000000,0x00000000a28ac638,0x00000000a8a00000)
 Metaspace       used 66693K, capacity 68974K, committed 69080K, reserved 1110016K
  class space    used 8768K, capacity 9366K, committed 9472K, reserved 1048576K
Event: 35.859 GC heap after
Heap after GC invocations=20 (full 3):
 PSYoungGen      total 154624K, used 15329K [0x00000000e0000000, 0x00000000ec780000, 0x0000000100000000)
  eden space 139264K, 0% used [0x00000000e0000000,0x00000000e0000000,0x00000000e8800000)
  from space 15360K, 99% used [0x00000000e8800000,0x00000000e96f87a0,0x00000000e9700000)
  to   space 19968K, 0% used [0x00000000eb400000,0x00000000eb400000,0x00000000ec780000)
 ParOldGen       total 141312K, used 48421K [0x00000000a0000000, 0x00000000a8a00000, 0x00000000e0000000)
  object space 141312K, 34% used [0x00000000a0000000,0x00000000a2f49600,0x00000000a8a00000)
 Metaspace       used 66693K, capacity 68974K, committed 69080K, reserved 1110016K
  class space    used 8768K, capacity 9366K, committed 9472K, reserved 1048576K
}
Event: 2293.391 GC heap before
{Heap before GC invocations=21 (full 3):
 PSYoungGen      total 154624K, used 154580K [0x00000000e0000000, 0x00000000ec780000, 0x0000000100000000)
  eden space 139264K, 99% used [0x00000000e0000000,0x00000000e87fcb68,0x00000000e8800000)
  from space 15360K, 99% used [0x00000000e8800000,0x00000000e96f87a0,0x00000000e9700000)
  to   space 19968K, 0% used [0x00000000eb400000,0x00000000eb400000,0x00000000ec780000)
 ParOldGen       total 141312K, used 48421K [0x00000000a0000000, 0x00000000a8a00000, 0x00000000e0000000)
  object space 141312K, 34% used [0x00000000a0000000,0x00000000a2f49600,0x00000000a8a00000)
 Metaspace       used 69422K, capacity 71970K, committed 72152K, reserved 1112064K
  class space    used 9012K, capacity 9620K, committed 9728K, reserved 1048576K
Event: 2293.410 GC heap after
Heap after GC invocations=21 (full 3):
 PSYoungGen      total 184832K, used 5411K [0x00000000e0000000, 0x00000000ec800000, 0x0000000100000000)
  eden space 164864K, 0% used [0x00000000e0000000,0x00000000e0000000,0x00000000ea100000)
  from space 19968K, 27% used [0x00000000eb400000,0x00000000eb948fa8,0x00000000ec780000)
  to   space 19456K, 0% used [0x00000000ea100000,0x00000000ea100000,0x00000000eb400000)
 ParOldGen       total 141312K, used 53229K [0x00000000a0000000, 0x00000000a8a00000, 0x00000000e0000000)
  object space 141312K, 37% used [0x00000000a0000000,0x00000000a33fb690,0x00000000a8a00000)
 Metaspace       used 69422K, capacity 71970K, committed 72152K, reserved 1112064K
  class space    used 9012K, capacity 9620K, committed 9728K, reserved 1048576K
}
Event: 2304.724 GC heap before
{Heap before GC invocations=22 (full 3):
 PSYoungGen      total 184832K, used 170275K [0x00000000e0000000, 0x00000000ec800000, 0x0000000100000000)
  eden space 164864K, 100% used [0x00000000e0000000,0x00000000ea100000,0x00000000ea100000)
  from space 19968K, 27% used [0x00000000eb400000,0x00000000eb948fa8,0x00000000ec780000)
  to   space 19456K, 0% used [0x00000000ea100000,0x00000000ea100000,0x00000000eb400000)
 ParOldGen       total 141312K, used 53229K [0x00000000a0000000, 0x00000000a8a00000, 0x00000000e0000000)
  object space 141312K, 37% used [0x00000000a0000000,0x00000000a33fb690,0x00000000a8a00000)
 Metaspace       used 70244K, capacity 72850K, committed 72920K, reserved 1112064K
  class space    used 9068K, capacity 9686K, committed 9728K, reserved 1048576K
Event: 2304.740 GC heap after
Heap after GC invocations=22 (full 3):
 PSYoungGen      total 184320K, used 6272K [0x00000000e0000000, 0x00000000ee080000, 0x0000000100000000)
  eden space 164864K, 0% used [0x00000000e0000000,0x00000000e0000000,0x00000000ea100000)
  from space 19456K, 32% used [0x00000000ea100000,0x00000000ea720030,0x00000000eb400000)
  to   space 18944K, 0% used [0x00000000ece00000,0x00000000ece00000,0x00000000ee080000)
 ParOldGen       total 141312K, used 53237K [0x00000000a0000000, 0x00000000a8a00000, 0x00000000e0000000)
  object space 141312K, 37% used [0x00000000a0000000,0x00000000a33fd690,0x00000000a8a00000)
 Metaspace       used 70244K, capacity 72850K, committed 72920K, reserved 1112064K
  class space    used 9068K, capacity 9686K, committed 9728K, reserved 1048576K
}
Event: 2307.384 GC heap before
{Heap before GC invocations=23 (full 3):
 PSYoungGen      total 184320K, used 170840K [0x00000000e0000000, 0x00000000ee080000, 0x0000000100000000)
  eden space 164864K, 99% used [0x00000000e0000000,0x00000000ea0b6388,0x00000000ea100000)
  from space 19456K, 32% used [0x00000000ea100000,0x00000000ea720030,0x00000000eb400000)
  to   space 18944K, 0% used [0x00000000ece00000,0x00000000ece00000,0x00000000ee080000)
 ParOldGen       total 141312K, used 53237K [0x00000000a0000000, 0x00000000a8a00000, 0x00000000e0000000)
  object space 141312K, 37% used [0x00000000a0000000,0x00000000a33fd690,0x00000000a8a00000)
 Metaspace       used 74064K, capacity 76700K, committed 76760K, reserved 1116160K
  class space    used 9566K, capacity 10203K, committed 10240K, reserved 1048576K
Event: 2307.393 GC heap after
Heap after GC invocations=23 (full 3):
 PSYoungGen      total 202752K, used 8233K [0x00000000e0000000, 0x00000000edc00000, 0x0000000100000000)
  eden space 188416K, 0% used [0x00000000e0000000,0x00000000e0000000,0x00000000eb800000)
  from space 14336K, 57% used [0x00000000ece00000,0x00000000ed60a748,0x00000000edc00000)
  to   space 18432K, 0% used [0x00000000eb800000,0x00000000eb800000,0x00000000eca00000)
 ParOldGen       total 141312K, used 53245K [0x00000000a0000000, 0x00000000a8a00000, 0x00000000e0000000)
  object space 141312K, 37% used [0x00000000a0000000,0x00000000a33ff690,0x00000000a8a00000)
 Metaspace       used 74064K, capacity 76700K, committed 76760K, reserved 1116160K
  class space    used 9566K, capacity 10203K, committed 10240K, reserved 1048576K
}
Event: 3427.957 GC heap before
{Heap before GC invocations=24 (full 3):
 PSYoungGen      total 202752K, used 196649K [0x00000000e0000000, 0x00000000edc00000, 0x0000000100000000)
  eden space 188416K, 100% used [0x00000000e0000000,0x00000000eb800000,0x00000000eb800000)
  from space 14336K, 57% used [0x00000000ece00000,0x00000000ed60a748,0x00000000edc00000)
  to   space 18432K, 0% used [0x00000000eb800000,0x00000000eb800000,0x00000000eca00000)
 ParOldGen       total 141312K, used 53245K [0x00000000a0000000, 0x00000000a8a00000, 0x00000000e0000000)
  object space 141312K, 37% used [0x00000000a0000000,0x00000000a33ff690,0x00000000a8a00000)
 Metaspace       used 75971K, capacity 78860K, committed 79064K, reserved 1118208K
  class space    used 9721K, capacity 10398K, committed 10496K, reserved 1048576K
Event: 3428.022 GC heap after
Heap after GC invocations=24 (full 3):
 PSYoungGen      total 206848K, used 9922K [0x00000000e0000000, 0x00000000ef100000, 0x0000000100000000)
  eden space 188416K, 0% used [0x00000000e0000000,0x00000000e0000000,0x00000000eb800000)
  from space 18432K, 53% used [0x00000000eb800000,0x00000000ec1b0ad0,0x00000000eca00000)
  to   space 17920K, 0% used [0x00000000edf80000,0x00000000edf80000,0x00000000ef100000)
 ParOldGen       total 141312K, used 53253K [0x00000000a0000000, 0x00000000a8a00000, 0x00000000e0000000)
  object space 141312K, 37% used [0x00000000a0000000,0x00000000a3401690,0x00000000a8a00000)
 Metaspace       used 75971K, capacity 78860K, committed 79064K, reserved 1118208K
  class space    used 9721K, capacity 10398K, committed 10496K, reserved 1048576K
}

Deoptimization events (10 events):
Event: 3429.924 Thread 0x000000001b0a2800 Uncommon trap: reason=array_check action=maybe_recompile pc=0x0000000004f9aa04 method=com.google.common.collect.SingletonImmutableList.copyIntoArray([Ljava/lang/Object;I)I @ 6
Event: 3441.885 Thread 0x000000001b0a2800 Uncommon trap: reason=array_check action=maybe_recompile pc=0x0000000005071ae8 method=com.google.common.collect.ImmutableSet.construct(I[Ljava/lang/Object;)Lcom/google/common/collect/ImmutableSet; @ 122
Event: 3441.887 Thread 0x000000001b0a2800 Uncommon trap: reason=unstable_if action=reinterpret pc=0x000000000413df30 method=java.lang.ref.SoftReference.get()Ljava/lang/Object; @ 6
Event: 3441.887 Thread 0x000000001b0a2800 Uncommon trap: reason=unstable_if action=reinterpret pc=0x00000000034aa238 method=java.lang.ref.SoftReference.get()Ljava/lang/Object; @ 6
Event: 3441.887 Thread 0x000000001b0a2800 Uncommon trap: reason=unstable_if action=reinterpret pc=0x00000000030a3ef4 method=java.lang.ref.SoftReference.get()Ljava/lang/Object; @ 6
Event: 3441.888 Thread 0x000000001b0a2800 Uncommon trap: reason=array_check action=maybe_recompile pc=0x0000000005071ae8 method=com.google.common.collect.ImmutableSet.construct(I[Ljava/lang/Object;)Lcom/google/common/collect/ImmutableSet; @ 122
Event: 3441.889 Thread 0x000000001b0a2800 Uncommon trap: reason=array_check action=maybe_recompile pc=0x0000000005071ae8 method=com.google.common.collect.ImmutableSet.construct(I[Ljava/lang/Object;)Lcom/google/common/collect/ImmutableSet; @ 122
Event: 3441.889 Thread 0x000000001b0a2800 Uncommon trap: reason=array_check action=maybe_recompile pc=0x0000000005071ae8 method=com.google.common.collect.ImmutableSet.construct(I[Ljava/lang/Object;)Lcom/google/common/collect/ImmutableSet; @ 122
Event: 3441.902 Thread 0x000000001b0a2800 Uncommon trap: reason=array_check action=maybe_recompile pc=0x0000000004f9aa04 method=com.google.common.collect.SingletonImmutableList.copyIntoArray([Ljava/lang/Object;I)I @ 6
Event: 3441.904 Thread 0x000000001b0a2800 Uncommon trap: reason=array_check action=maybe_recompile pc=0x0000000004f9aa04 method=com.google.common.collect.SingletonImmutableList.copyIntoArray([Ljava/lang/Object;I)I @ 6

Classes redefined (0 events):
No events

Internal exceptions (10 events):
Event: 3442.256 Thread 0x000000001b0a2800 Exception <a 'sun/nio/fs/WindowsException'> (0x00000000e3d37a10) thrown at [D:\src\AOSP-openjdk-cygwin\jdk8u\hotspot\src\share\vm\prims\jni.cpp, line 709]
Event: 3442.256 Thread 0x000000001b0a2800 Exception <a 'sun/nio/fs/WindowsException'> (0x00000000e3d386c0) thrown at [D:\src\AOSP-openjdk-cygwin\jdk8u\hotspot\src\share\vm\prims\jni.cpp, line 709]
Event: 3442.257 Thread 0x000000001b0a2800 Exception <a 'sun/nio/fs/WindowsException'> (0x00000000e3d3c800) thrown at [D:\src\AOSP-openjdk-cygwin\jdk8u\hotspot\src\share\vm\prims\jni.cpp, line 709]
Event: 3442.257 Thread 0x000000001b0a2800 Exception <a 'sun/nio/fs/WindowsException'> (0x00000000e3d3d400) thrown at [D:\src\AOSP-openjdk-cygwin\jdk8u\hotspot\src\share\vm\prims\jni.cpp, line 709]
Event: 3442.257 Thread 0x000000001b0a2800 Exception <a 'sun/nio/fs/WindowsException'> (0x00000000e3d3f040) thrown at [D:\src\AOSP-openjdk-cygwin\jdk8u\hotspot\src\share\vm\prims\jni.cpp, line 709]
Event: 3442.257 Thread 0x000000001b0a2800 Exception <a 'sun/nio/fs/WindowsException'> (0x00000000e3d3fc78) thrown at [D:\src\AOSP-openjdk-cygwin\jdk8u\hotspot\src\share\vm\prims\jni.cpp, line 709]
Event: 3442.257 Thread 0x000000001b0a2800 Exception <a 'sun/nio/fs/WindowsException'> (0x00000000e3d42940) thrown at [D:\src\AOSP-openjdk-cygwin\jdk8u\hotspot\src\share\vm\prims\jni.cpp, line 709]
Event: 3442.257 Thread 0x000000001b0a2800 Exception <a 'sun/nio/fs/WindowsException'> (0x00000000e3d43618) thrown at [D:\src\AOSP-openjdk-cygwin\jdk8u\hotspot\src\share\vm\prims\jni.cpp, line 709]
Event: 3442.257 Thread 0x000000001b0a2800 Exception <a 'sun/nio/fs/WindowsException'> (0x00000000e3d45320) thrown at [D:\src\AOSP-openjdk-cygwin\jdk8u\hotspot\src\share\vm\prims\jni.cpp, line 709]
Event: 3442.258 Thread 0x000000001b0a2800 Exception <a 'sun/nio/fs/WindowsException'> (0x00000000e3d46038) thrown at [D:\src\AOSP-openjdk-cygwin\jdk8u\hotspot\src\share\vm\prims\jni.cpp, line 709]

Events (10 events):
Event: 3442.045 Thread 0x000000001962a800 Thread added: 0x000000001962a800
Event: 3442.046 Thread 0x0000000019635800 Thread added: 0x0000000019635800
Event: 3442.049 Executing VM operation: RevokeBias
Event: 3442.050 Executing VM operation: RevokeBias done
Event: 3442.050 Executing VM operation: RevokeBias
Event: 3442.050 Executing VM operation: RevokeBias done
Event: 3442.050 Executing VM operation: RevokeBias
Event: 3442.051 Executing VM operation: RevokeBias done
Event: 3442.051 Executing VM operation: RevokeBias
Event: 3442.051 Executing VM operation: RevokeBias done


Dynamic libraries:
0x00007ff753250000 - 0x00007ff753281000 	C:\Program Files\Android\Android Studio\jre\bin\java.exe
0x00007ffc19640000 - 0x00007ffc19821000 	C:\WINDOWS\SYSTEM32\ntdll.dll
0x00007ffbd7100000 - 0x00007ffbd7134000 	C:\Program Files\AVAST Software\Avast\x64\aswhooka.dll
0x00007ffc18ef0000 - 0x00007ffc18fa2000 	C:\WINDOWS\System32\KERNEL32.DLL
0x00007ffc16800000 - 0x00007ffc16a73000 	C:\WINDOWS\System32\KERNELBASE.dll
0x00007ffc18dc0000 - 0x00007ffc18e61000 	C:\WINDOWS\System32\ADVAPI32.dll
0x00007ffc18d20000 - 0x00007ffc18dbe000 	C:\WINDOWS\System32\msvcrt.dll
0x00007ffc16f20000 - 0x00007ffc16f7b000 	C:\WINDOWS\System32\sechost.dll
0x00007ffc18fb0000 - 0x00007ffc190d4000 	C:\WINDOWS\System32\RPCRT4.dll
0x00007ffc18ac0000 - 0x00007ffc18c50000 	C:\WINDOWS\System32\USER32.dll
0x00007ffc167e0000 - 0x00007ffc16800000 	C:\WINDOWS\System32\win32u.dll
0x00007ffc16bb0000 - 0x00007ffc16bd8000 	C:\WINDOWS\System32\GDI32.dll
0x00007ffc15cb0000 - 0x00007ffc15e42000 	C:\WINDOWS\System32\gdi32full.dll
0x00007ffc166e0000 - 0x00007ffc1677f000 	C:\WINDOWS\System32\msvcp_win.dll
0x00007ffc15e50000 - 0x00007ffc15f4a000 	C:\WINDOWS\System32\ucrtbase.dll
0x00007ffc0b960000 - 0x00007ffc0bbc9000 	C:\WINDOWS\WinSxS\amd64_microsoft.windows.common-controls_6595b64144ccf1df_6.0.17134.165_none_fb429645306569ac\COMCTL32.dll
0x00007ffc192e0000 - 0x00007ffc19603000 	C:\WINDOWS\System32\combase.dll
0x00007ffc15f50000 - 0x00007ffc15fca000 	C:\WINDOWS\System32\bcryptPrimitives.dll
0x00007ffc190e0000 - 0x00007ffc1910d000 	C:\WINDOWS\System32\IMM32.DLL
0x00000000537e0000 - 0x00000000538b2000 	C:\Program Files\Android\Android Studio\jre\jre\bin\msvcr100.dll
0x00000000512c0000 - 0x0000000051aff000 	C:\Program Files\Android\Android Studio\jre\jre\bin\server\jvm.dll
0x00007ffc18e70000 - 0x00007ffc18e78000 	C:\WINDOWS\System32\PSAPI.DLL
0x00007ffc01040000 - 0x00007ffc01049000 	C:\WINDOWS\SYSTEM32\WSOCK32.dll
0x00007ffc18e80000 - 0x00007ffc18eec000 	C:\WINDOWS\System32\WS2_32.dll
0x00007ffc12690000 - 0x00007ffc126b3000 	C:\WINDOWS\SYSTEM32\WINMM.dll
0x00007ffc03ea0000 - 0x00007ffc03eaa000 	C:\WINDOWS\SYSTEM32\VERSION.dll
0x00007ffc12660000 - 0x00007ffc1268a000 	C:\WINDOWS\SYSTEM32\WINMMBASE.dll
0x00007ffc16a80000 - 0x00007ffc16ac9000 	C:\WINDOWS\System32\cfgmgr32.dll
0x00007ffc0e900000 - 0x00007ffc0e90f000 	C:\Program Files\Android\Android Studio\jre\jre\bin\verify.dll
0x00007ffc0a750000 - 0x00007ffc0a779000 	C:\Program Files\Android\Android Studio\jre\jre\bin\java.dll
0x00007ffc0a730000 - 0x00007ffc0a746000 	C:\Program Files\Android\Android Studio\jre\jre\bin\zip.dll
0x00007ffc173d0000 - 0x00007ffc18810000 	C:\WINDOWS\System32\SHELL32.dll
0x00007ffc16e60000 - 0x00007ffc16f09000 	C:\WINDOWS\System32\shcore.dll
0x00007ffc15fd0000 - 0x00007ffc166dd000 	C:\WINDOWS\System32\windows.storage.dll
0x00007ffc18a60000 - 0x00007ffc18ab1000 	C:\WINDOWS\System32\shlwapi.dll
0x00007ffc15950000 - 0x00007ffc15961000 	C:\WINDOWS\System32\kernel.appcore.dll
0x00007ffc159f0000 - 0x00007ffc15a0f000 	C:\WINDOWS\System32\profapi.dll
0x00007ffc15970000 - 0x00007ffc159bc000 	C:\WINDOWS\System32\powrprof.dll
0x00007ffc159c0000 - 0x00007ffc159ca000 	C:\WINDOWS\System32\FLTLIB.DLL
0x00007ffc0a710000 - 0x00007ffc0a72a000 	C:\Program Files\Android\Android Studio\jre\jre\bin\net.dll
0x00007ffc15170000 - 0x00007ffc151d6000 	C:\WINDOWS\system32\mswsock.dll
0x00007ffc0a6f0000 - 0x00007ffc0a701000 	C:\Program Files\Android\Android Studio\jre\jre\bin\nio.dll
0x00007ffc0b820000 - 0x00007ffc0b83e000 	C:\Users\Renan-PC\.gradle\native\25\windows-amd64\native-platform.dll
0x00007ffc0f3f0000 - 0x00007ffc0f3fd000 	C:\Program Files\Android\Android Studio\jre\jre\bin\management.dll
0x00007ffc15390000 - 0x00007ffc153a7000 	C:\WINDOWS\SYSTEM32\CRYPTSP.dll
0x00007ffc14d50000 - 0x00007ffc14d83000 	C:\WINDOWS\system32\rsaenh.dll
0x00007ffc154b0000 - 0x00007ffc154d5000 	C:\WINDOWS\SYSTEM32\bcrypt.dll
0x00007ffc15880000 - 0x00007ffc158a8000 	C:\WINDOWS\SYSTEM32\USERENV.dll
0x00007ffc15380000 - 0x00007ffc1538b000 	C:\WINDOWS\SYSTEM32\CRYPTBASE.dll
0x00007ffc14ef0000 - 0x00007ffc14f28000 	C:\WINDOWS\SYSTEM32\IPHLPAPI.DLL
0x00007ffc19110000 - 0x00007ffc19118000 	C:\WINDOWS\System32\NSI.dll
0x00007ffc0fdb0000 - 0x00007ffc0fdc6000 	C:\WINDOWS\SYSTEM32\dhcpcsvc6.DLL
0x00007ffc0fd90000 - 0x00007ffc0fdaa000 	C:\WINDOWS\SYSTEM32\dhcpcsvc.DLL
0x00007ffbe7860000 - 0x00007ffbe79f6000 	C:\Program Files\Android\Android Studio\jre\jre\bin\awt.dll
0x00007ffc18c50000 - 0x00007ffc18d12000 	C:\WINDOWS\System32\OLEAUT32.dll
0x00007ffc131d0000 - 0x00007ffc13797000 	C:\WINDOWS\SYSTEM32\d2d1.dll
0x00007ffc13b20000 - 0x00007ffc13bab000 	C:\WINDOWS\SYSTEM32\apphelp.dll
0x00007ffc13ed0000 - 0x00007ffc13ef9000 	C:\WINDOWS\system32\DWMAPI.DLL
0x00007ffc13e00000 - 0x00007ffc13e98000 	C:\WINDOWS\system32\uxtheme.dll

VM Arguments:
jvm_args: -Xmx1536m -Dfile.encoding=windows-1252 -Duser.country=BR -Duser.language=pt -Duser.variant 
java_command: org.gradle.launcher.daemon.bootstrap.GradleDaemon 4.4
java_class_path (initial): C:\Users\Renan-PC\.gradle\wrapper\dists\gradle-4.4-all\9br9xq1tocpiv8o6njlyu5op1\gradle-4.4\lib\gradle-launcher-4.4.jar
Launcher Type: SUN_STANDARD

Environment Variables:
PATH=C:\Program Files (x86)\Common Files\Oracle\Java\javapath;C:\WINDOWS\system32;C:\WINDOWS;C:\WINDOWS\System32\Wbem;C:\WINDOWS\System32\WindowsPowerShell\v1.0\;C:\WINDOWS\System32\OpenSSH\;C:\Program Files\dotnet\;C:\Program Files\Microsoft SQL Server\130\Tools\Binn\;C:\Program Files\Microsoft SQL Server\Client SDK\ODBC\130\Tools\Binn\;C:\Program Files (x86)\Microsoft SQL Server\140\Tools\Binn\;C:\Program Files\Microsoft SQL Server\140\Tools\Binn\;C:\Program Files\Microsoft SQL Server\140\DTS\Binn\;C:\Program Files (x86)\Microsoft SQL Server\Client SDK\ODBC\130\Tools\Binn\;C:\Program Files (x86)\Microsoft SQL Server\140\DTS\Binn\;C:\Program Files (x86)\Microsoft SQL Server\140\Tools\Binn\ManagementStudio\;C:\Program Files (x86)\Windows Kits\8.1\Windows Performance Toolkit\;C:\Program Files\Microsoft SQL Server\110\Tools\Binn\;C:\Program Files (x86)\Microsoft SDKs\TypeScript\1.0\;C:\Program Files\Microsoft SQL Server\120\Tools\Binn\;C:\Program Files\Git\cmd;C:\Program Files\Java\jdk1.8.0_172\bin
USERNAME=Renan-PC
OS=Windows_NT
PROCESSOR_IDENTIFIER=Intel64 Family 6 Model 142 Stepping 9, GenuineIntel



---------------  S Y S T E M  ---------------

OS: Windows 10.0 , 64 bit Build 17134 (10.0.17134.1)

CPU:total 4 (initial active 4) (2 cores per cpu, 2 threads per core) family 6 model 142 stepping 9, cmov, cx8, fxsr, mmx, sse, sse2, sse3, ssse3, sse4.1, sse4.2, popcnt, avx, avx2, aes, clmul, erms, 3dnowpref, lzcnt, ht, tsc, tscinvbit, bmi1, bmi2, adx

Memory: 4k page, physical 8251480k(1989752k free), swap 8251480k(2480k free)

vm_info: OpenJDK 64-Bit Server VM (25.152-b02) for windows-amd64 JRE (1.8.0_152-release-1024-b02), built by "builder" with MS VC++ 10.0 (VS2010)

time: Thu Aug 09 16:11:43 2018
elapsed time: 3442 seconds (0d 0h 57m 22s)

