#
# There is insufficient memory for the Java Runtime Environment to continue.
# Native memory allocation (malloc) failed to allocate 765216 bytes for Chunk::new
# Possible reasons:
#   The system is out of physical RAM or swap space
#   In 32 bit mode, the process size limit was hit
# Possible solutions:
#   Reduce memory load on the system
#   Increase physical memory or swap space
#   Check if swap backing store is full
#   Use 64 bit Java on a 64 bit OS
#   Decrease Java heap size (-Xmx/-Xms)
#   Decrease number of Java threads
#   Decrease Java thread stack sizes (-Xss)
#   Set larger code cache with -XX:ReservedCodeCacheSize=
# This output file may be truncated or incomplete.
#
#  Out of Memory Error (allocation.cpp:390), pid=2328, tid=0x00000000000026c4
#
# JRE version: OpenJDK Runtime Environment (8.0_152-b02) (build 1.8.0_152-release-1024-b02)
# Java VM: OpenJDK 64-Bit Server VM (25.152-b02 mixed mode windows-amd64 compressed oops)
# Failed to write core dump. Minidumps are not enabled by default on client versions of Windows
#

---------------  T H R E A D  ---------------

Current thread (0x0000000015cef000):  JavaThread "C2 CompilerThread1" daemon [_thread_in_native, id=9924, stack(0x0000000017460000,0x0000000017560000)]

Stack: [0x0000000017460000,0x0000000017560000]
[error occurred during error reporting (printing stack bounds), id 0xc0000005]

Native frames: (J=compiled Java code, j=interpreted, Vv=VM code, C=native code)


Current CompileTask:
C2:  22924 7827       4       java.util.EnumSet::noneOf (63 bytes)


---------------  P R O C E S S  ---------------

Java Threads: ( => current thread )
  0x000000001d8ba800 JavaThread "Cache worker for Java compile cache (C:\Users\Renan-PC\AndroidStudioProjects\AndroidMySql\.gradle\4.4\javaCompile)" [_thread_blocked, id=1240, stack(0x00000000237b0000,0x00000000238b0000)]
  0x000000001d8ba000 JavaThread "Task worker for ':' Thread 3" [_thread_blocked, id=12508, stack(0x0000000021740000,0x0000000021840000)]
  0x000000001d8bd000 JavaThread "Task worker for ':' Thread 2" [_thread_blocked, id=2988, stack(0x0000000021640000,0x0000000021740000)]
  0x000000001d8b0800 JavaThread "Task worker for ':'" [_thread_blocked, id=12156, stack(0x0000000021540000,0x0000000021640000)]
  0x000000001d8b7000 JavaThread "Cache worker for Build Output Cleanup Cache (C:\Users\Renan-PC\AndroidStudioProjects\AndroidMySql\.gradle\buildOutputCleanup)" [_thread_blocked, id=2868, stack(0x0000000021440000,0x0000000021540000)]
  0x000000001d8b5800 JavaThread "Cache worker for task history cache (C:\Users\Renan-PC\AndroidStudioProjects\AndroidMySql\.gradle\4.4\taskHistory)" [_thread_blocked, id=4312, stack(0x0000000021340000,0x0000000021440000)]
  0x000000001d8b3000 JavaThread "Cache worker for file content cache (C:\Users\Renan-PC\AndroidStudioProjects\AndroidMySql\.gradle\4.4\fileContent)" [_thread_blocked, id=12836, stack(0x0000000021240000,0x0000000021340000)]
  0x000000001d8b4000 JavaThread "Memory manager" [_thread_blocked, id=1264, stack(0x0000000020340000,0x0000000020440000)]
  0x000000001da2a000 JavaThread "pool-1-thread-1" [_thread_blocked, id=11816, stack(0x0000000020040000,0x0000000020140000)]
  0x000000001da29000 JavaThread "build operations Thread 4" [_thread_blocked, id=10972, stack(0x000000001f7e0000,0x000000001f8e0000)]
  0x000000001da2d800 JavaThread "build operations Thread 3" [_thread_blocked, id=5620, stack(0x000000001f6e0000,0x000000001f7e0000)]
  0x000000001da28800 JavaThread "build operations Thread 2" [_thread_blocked, id=9596, stack(0x000000001f310000,0x000000001f410000)]
  0x000000001da2d000 JavaThread "build operations" [_thread_blocked, id=9352, stack(0x000000001e230000,0x000000001e330000)]
  0x000000001da27800 JavaThread "Cache worker for Artifact transforms cache (C:\Users\Renan-PC\.gradle\caches\transforms-1)" [_thread_blocked, id=6396, stack(0x000000001df30000,0x000000001e030000)]
  0x000000001914e800 JavaThread "Cache worker for file hash cache (C:\Users\Renan-PC\AndroidStudioProjects\AndroidMySql\.gradle\4.4\fileHashes)" [_thread_blocked, id=888, stack(0x000000001b890000,0x000000001b990000)]
  0x00000000190f4000 JavaThread "File lock request listener" [_thread_in_native, id=9468, stack(0x000000001a7c0000,0x000000001a8c0000)]
  0x0000000018e53000 JavaThread "Cache worker for file hash cache (C:\Users\Renan-PC\.gradle\caches\4.4\fileHashes)" [_thread_blocked, id=11396, stack(0x000000001a6c0000,0x000000001a7c0000)]
  0x0000000018d7a000 JavaThread "Stdin handler" [_thread_blocked, id=5820, stack(0x000000001a3c0000,0x000000001a4c0000)]
  0x0000000018d79000 JavaThread "Asynchronous log dispatcher for DefaultDaemonConnection: socket connection from /127.0.0.1:11116 to /127.0.0.1:11117" [_thread_blocked, id=7976, stack(0x000000001a2c0000,0x000000001a3c0000)]
  0x0000000018d75800 JavaThread "Daemon worker" [_thread_in_Java, id=8248, stack(0x000000001a1c0000,0x000000001a2c0000)]
  0x0000000018cdb000 JavaThread "Cancel handler" [_thread_blocked, id=3620, stack(0x000000001a0c0000,0x000000001a1c0000)]
  0x0000000018b51800 JavaThread "Handler for socket connection from /127.0.0.1:11116 to /127.0.0.1:11117" [_thread_in_native, id=3348, stack(0x0000000019dc0000,0x0000000019ec0000)]
  0x0000000018b4d000 JavaThread "Daemon" [_thread_blocked, id=6816, stack(0x0000000019cc0000,0x0000000019dc0000)]
  0x0000000018b72800 JavaThread "Daemon periodic checks" [_thread_blocked, id=7028, stack(0x0000000019bc0000,0x0000000019cc0000)]
  0x0000000018a67000 JavaThread "Incoming local TCP Connector on port 11116" [_thread_in_native, id=3004, stack(0x0000000019970000,0x0000000019a70000)]
  0x0000000017688800 JavaThread "Service Thread" daemon [_thread_blocked, id=11916, stack(0x0000000017a60000,0x0000000017b60000)]
  0x0000000015d40800 JavaThread "C1 CompilerThread2" daemon [_thread_in_native, id=3460, stack(0x0000000017560000,0x0000000017660000)]
=>0x0000000015cef000 JavaThread "C2 CompilerThread1" daemon [_thread_in_native, id=9924, stack(0x0000000017460000,0x0000000017560000)]
  0x0000000015ce9800 JavaThread "C2 CompilerThread0" daemon [_thread_in_native, id=10400, stack(0x0000000017360000,0x0000000017460000)]
  0x0000000015cf7800 JavaThread "Attach Listener" daemon [_thread_blocked, id=1704, stack(0x0000000017260000,0x0000000017360000)]
  0x0000000015cf6000 JavaThread "Signal Dispatcher" daemon [_thread_blocked, id=7700, stack(0x0000000017160000,0x0000000017260000)]
  0x0000000015cd8000 JavaThread "Finalizer" daemon [_thread_blocked, id=4440, stack(0x0000000016f50000,0x0000000017050000)]
  0x0000000002373800 JavaThread "Reference Handler" daemon [_thread_blocked, id=3228, stack(0x0000000016e50000,0x0000000016f50000)]
  0x000000000209e800 JavaThread "main" [_thread_blocked, id=12608, stack(0x0000000002180000,0x0000000002280000)]

Other Threads:
  0x0000000015cb5800 VMThread [stack: 0x0000000016d50000,0x0000000016e50000] [id=7968]
  0x0000000017689800 WatcherThread [stack: 0x0000000017b60000,0x0000000017c60000] [id=8216]

VM state:not at safepoint (normal execution)

VM Mutex/Monitor currently owned by a thread: None

Heap:
 PSYoungGen      total 156672K, used 52598K [0x00000000e0000000, 0x00000000ed100000, 0x0000000100000000)
  eden space 141824K, 37% used [0x00000000e0000000,0x00000000e335d888,0x00000000e8a80000)
  from space 14848K, 0% used [0x00000000e8a80000,0x00000000e8a80000,0x00000000e9900000)
  to   space 15360K, 0% used [0x00000000ec200000,0x00000000ec200000,0x00000000ed100000)
 ParOldGen       total 128512K, used 30969K [0x00000000a0000000, 0x00000000a7d80000, 0x00000000e0000000)
  object space 128512K, 24% used [0x00000000a0000000,0x00000000a1e3e4a0,0x00000000a7d80000)
 Metaspace       used 60606K, capacity 62268K, committed 62592K, reserved 1103872K
  class space    used 8127K, capacity 8519K, committed 8576K, reserved 1048576K

Card table byte_map: [0x0000000011740000,0x0000000011a50000] byte_map_base: 0x0000000011240000

Marking Bits: (ParMarkBitMap*) 0x0000000051a84970
 Begin Bits: [0x0000000012050000, 0x0000000013850000)
 End Bits:   [0x0000000013850000, 0x0000000015050000)

Polling page: 0x0000000000640000

CodeCache: size=245760Kb used=22855Kb max_used=22855Kb free=222904Kb
 bounds [0x0000000002380000, 0x00000000039f0000, 0x0000000011380000]
 total_blobs=7825 nmethods=7034 adapters=703
 compilation: enabled

Compilation events (10 events):
Event: 22.891 Thread 0x0000000015d40800 7857       3       com.sun.tools.javac.code.Types$26::visitArrayType (10 bytes)
Event: 22.892 Thread 0x0000000015d40800 nmethod 7857 0x00000000039dc690 code [0x00000000039dc840, 0x00000000039dced8]
Event: 22.898 Thread 0x0000000015d40800 7858       3       com.sun.tools.javac.jvm.Code::emit2 (78 bytes)
Event: 22.899 Thread 0x0000000015d40800 nmethod 7858 0x00000000039dd110 code [0x00000000039dd2a0, 0x00000000039dd578]
Event: 22.900 Thread 0x0000000015d40800 7859       3       com.sun.tools.javac.jvm.Code::emitop2 (683 bytes)
Event: 22.905 Thread 0x0000000015d40800 nmethod 7859 0x00000000039dd690 code [0x00000000039ddbe0, 0x00000000039e0688]
Event: 22.906 Thread 0x0000000015d40800 7860       3       com.sun.tools.javac.jvm.Gen::visitIdent (274 bytes)
Event: 22.909 Thread 0x0000000015d40800 nmethod 7860 0x00000000039e21d0 code [0x00000000039e2520, 0x00000000039e3ef8]
Event: 22.914 Thread 0x0000000015d40800 7861       3       com.sun.tools.javac.jvm.Code$LocalVar::<init> (30 bytes)
Event: 22.915 Thread 0x0000000015d40800 nmethod 7861 0x00000000039e4d10 code [0x00000000039e4ea0, 0x00000000039e5270]

GC Heap History (10 events):
Event: 7.772 GC heap before
{Heap before GC invocations=12 (full 2):
 PSYoungGen      total 91136K, used 79872K [0x00000000e0000000, 0x00000000e8200000, 0x0000000100000000)
  eden space 79872K, 100% used [0x00000000e0000000,0x00000000e4e00000,0x00000000e4e00000)
  from space 11264K, 0% used [0x00000000e4e00000,0x00000000e4e00000,0x00000000e5900000)
  to   space 10752K, 0% used [0x00000000e7780000,0x00000000e7780000,0x00000000e8200000)
 ParOldGen       total 84480K, used 14664K [0x00000000a0000000, 0x00000000a5280000, 0x00000000e0000000)
  object space 84480K, 17% used [0x00000000a0000000,0x00000000a0e523f8,0x00000000a5280000)
 Metaspace       used 39207K, capacity 39930K, committed 40192K, reserved 1083392K
  class space    used 5352K, capacity 5585K, committed 5632K, reserved 1048576K
Event: 7.787 GC heap after
Heap after GC invocations=12 (full 2):
 PSYoungGen      total 115712K, used 8023K [0x00000000e0000000, 0x00000000e7f80000, 0x0000000100000000)
  eden space 107520K, 0% used [0x00000000e0000000,0x00000000e0000000,0x00000000e6900000)
  from space 8192K, 97% used [0x00000000e7780000,0x00000000e7f55f88,0x00000000e7f80000)
  to   space 10752K, 0% used [0x00000000e6a80000,0x00000000e6a80000,0x00000000e7500000)
 ParOldGen       total 84480K, used 14672K [0x00000000a0000000, 0x00000000a5280000, 0x00000000e0000000)
  object space 84480K, 17% used [0x00000000a0000000,0x00000000a0e543f8,0x00000000a5280000)
 Metaspace       used 39207K, capacity 39930K, committed 40192K, reserved 1083392K
  class space    used 5352K, capacity 5585K, committed 5632K, reserved 1048576K
}
Event: 9.532 GC heap before
{Heap before GC invocations=13 (full 2):
 PSYoungGen      total 115712K, used 115543K [0x00000000e0000000, 0x00000000e7f80000, 0x0000000100000000)
  eden space 107520K, 100% used [0x00000000e0000000,0x00000000e6900000,0x00000000e6900000)
  from space 8192K, 97% used [0x00000000e7780000,0x00000000e7f55f88,0x00000000e7f80000)
  to   space 10752K, 0% used [0x00000000e6a80000,0x00000000e6a80000,0x00000000e7500000)
 ParOldGen       total 84480K, used 14672K [0x00000000a0000000, 0x00000000a5280000, 0x00000000e0000000)
  object space 84480K, 17% used [0x00000000a0000000,0x00000000a0e543f8,0x00000000a5280000)
 Metaspace       used 49113K, capacity 50448K, committed 50688K, reserved 1093632K
  class space    used 6681K, capacity 7045K, committed 7168K, reserved 1048576K
Event: 9.567 GC heap after
Heap after GC invocations=13 (full 2):
 PSYoungGen      total 119808K, used 10721K [0x00000000e0000000, 0x00000000ea880000, 0x0000000100000000)
  eden space 109056K, 0% used [0x00000000e0000000,0x00000000e0000000,0x00000000e6a80000)
  from space 10752K, 99% used [0x00000000e6a80000,0x00000000e74f87d0,0x00000000e7500000)
  to   space 14336K, 0% used [0x00000000e9a80000,0x00000000e9a80000,0x00000000ea880000)
 ParOldGen       total 84480K, used 20720K [0x00000000a0000000, 0x00000000a5280000, 0x00000000e0000000)
  object space 84480K, 24% used [0x00000000a0000000,0x00000000a143c1b0,0x00000000a5280000)
 Metaspace       used 49113K, capacity 50448K, committed 50688K, reserved 1093632K
  class space    used 6681K, capacity 7045K, committed 7168K, reserved 1048576K
}
Event: 19.520 GC heap before
{Heap before GC invocations=14 (full 2):
 PSYoungGen      total 119808K, used 119777K [0x00000000e0000000, 0x00000000ea880000, 0x0000000100000000)
  eden space 109056K, 100% used [0x00000000e0000000,0x00000000e6a80000,0x00000000e6a80000)
  from space 10752K, 99% used [0x00000000e6a80000,0x00000000e74f87d0,0x00000000e7500000)
  to   space 14336K, 0% used [0x00000000e9a80000,0x00000000e9a80000,0x00000000ea880000)
 ParOldGen       total 84480K, used 20720K [0x00000000a0000000, 0x00000000a5280000, 0x00000000e0000000)
  object space 84480K, 24% used [0x00000000a0000000,0x00000000a143c1b0,0x00000000a5280000)
 Metaspace       used 55200K, capacity 56890K, committed 57088K, reserved 1097728K
  class space    used 7507K, capacity 7900K, committed 7936K, reserved 1048576K
Event: 19.546 GC heap after
Heap after GC invocations=14 (full 2):
 PSYoungGen      total 155136K, used 11723K [0x00000000e0000000, 0x00000000ea780000, 0x0000000100000000)
  eden space 141824K, 0% used [0x00000000e0000000,0x00000000e0000000,0x00000000e8a80000)
  from space 13312K, 88% used [0x00000000e9a80000,0x00000000ea5f2ee0,0x00000000ea780000)
  to   space 14848K, 0% used [0x00000000e8a80000,0x00000000e8a80000,0x00000000e9900000)
 ParOldGen       total 84480K, used 25945K [0x00000000a0000000, 0x00000000a5280000, 0x00000000e0000000)
  object space 84480K, 30% used [0x00000000a0000000,0x00000000a1956660,0x00000000a5280000)
 Metaspace       used 55200K, capacity 56890K, committed 57088K, reserved 1097728K
  class space    used 7507K, capacity 7900K, committed 7936K, reserved 1048576K
}
Event: 20.570 GC heap before
{Heap before GC invocations=15 (full 2):
 PSYoungGen      total 155136K, used 39701K [0x00000000e0000000, 0x00000000ea780000, 0x0000000100000000)
  eden space 141824K, 19% used [0x00000000e0000000,0x00000000e1b52880,0x00000000e8a80000)
  from space 13312K, 88% used [0x00000000e9a80000,0x00000000ea5f2ee0,0x00000000ea780000)
  to   space 14848K, 0% used [0x00000000e8a80000,0x00000000e8a80000,0x00000000e9900000)
 ParOldGen       total 84480K, used 25945K [0x00000000a0000000, 0x00000000a5280000, 0x00000000e0000000)
  object space 84480K, 30% used [0x00000000a0000000,0x00000000a1956660,0x00000000a5280000)
 Metaspace       used 57184K, capacity 58812K, committed 59008K, reserved 1099776K
  class space    used 7784K, capacity 8199K, committed 8320K, reserved 1048576K
Event: 20.584 GC heap after
Heap after GC invocations=15 (full 2):
 PSYoungGen      total 156672K, used 1393K [0x00000000e0000000, 0x00000000ed100000, 0x0000000100000000)
  eden space 141824K, 0% used [0x00000000e0000000,0x00000000e0000000,0x00000000e8a80000)
  from space 14848K, 9% used [0x00000000e8a80000,0x00000000e8bdc5c0,0x00000000e9900000)
  to   space 15360K, 0% used [0x00000000ec200000,0x00000000ec200000,0x00000000ed100000)
 ParOldGen       total 84480K, used 32202K [0x00000000a0000000, 0x00000000a5280000, 0x00000000e0000000)
  object space 84480K, 38% used [0x00000000a0000000,0x00000000a1f72bb0,0x00000000a5280000)
 Metaspace       used 57184K, capacity 58812K, committed 59008K, reserved 1099776K
  class space    used 7784K, capacity 8199K, committed 8320K, reserved 1048576K
}
Event: 20.584 GC heap before
{Heap before GC invocations=16 (full 3):
 PSYoungGen      total 156672K, used 1393K [0x00000000e0000000, 0x00000000ed100000, 0x0000000100000000)
  eden space 141824K, 0% used [0x00000000e0000000,0x00000000e0000000,0x00000000e8a80000)
  from space 14848K, 9% used [0x00000000e8a80000,0x00000000e8bdc5c0,0x00000000e9900000)
  to   space 15360K, 0% used [0x00000000ec200000,0x00000000ec200000,0x00000000ed100000)
 ParOldGen       total 84480K, used 32202K [0x00000000a0000000, 0x00000000a5280000, 0x00000000e0000000)
  object space 84480K, 38% used [0x00000000a0000000,0x00000000a1f72bb0,0x00000000a5280000)
 Metaspace       used 57184K, capacity 58812K, committed 59008K, reserved 1099776K
  class space    used 7784K, capacity 8199K, committed 8320K, reserved 1048576K
Event: 21.078 GC heap after
Heap after GC invocations=16 (full 3):
 PSYoungGen      total 156672K, used 0K [0x00000000e0000000, 0x00000000ed100000, 0x0000000100000000)
  eden space 141824K, 0% used [0x00000000e0000000,0x00000000e0000000,0x00000000e8a80000)
  from space 14848K, 0% used [0x00000000e8a80000,0x00000000e8a80000,0x00000000e9900000)
  to   space 15360K, 0% used [0x00000000ec200000,0x00000000ec200000,0x00000000ed100000)
 ParOldGen       total 128512K, used 30969K [0x00000000a0000000, 0x00000000a7d80000, 0x00000000e0000000)
  object space 128512K, 24% used [0x00000000a0000000,0x00000000a1e3e4a0,0x00000000a7d80000)
 Metaspace       used 57184K, capacity 58812K, committed 59008K, reserved 1099776K
  class space    used 7784K, capacity 8199K, committed 8320K, reserved 1048576K
}

Deoptimization events (10 events):
Event: 21.636 Thread 0x0000000018d75800 Uncommon trap: reason=unstable_if action=reinterpret pc=0x0000000003659a08 method=com.sun.tools.javac.parser.UnicodeReader.scanChar()V @ 37
Event: 21.657 Thread 0x0000000018d75800 Uncommon trap: reason=unstable_if action=reinterpret pc=0x00000000036bddc0 method=com.sun.tools.javac.util.Name$Table.equals([BI[BII)Z @ 22
Event: 21.788 Thread 0x0000000018d75800 Uncommon trap: reason=predicate action=maybe_recompile pc=0x0000000002f257c8 method=java.util.Collections.indexedBinarySearch(Ljava/util/List;Ljava/lang/Object;)I @ 16
Event: 21.994 Thread 0x0000000018d75800 Uncommon trap: reason=unstable_if action=reinterpret pc=0x000000000378bfe4 method=com.sun.tools.javac.code.Scope.getIndex(Lcom/sun/tools/javac/util/Name;)I @ 83
Event: 22.061 Thread 0x0000000018d75800 Uncommon trap: reason=unstable_if action=reinterpret pc=0x0000000003793b34 method=com.sun.tools.javac.comp.MemberEnter.initEnv(Lcom/sun/tools/javac/tree/JCTree$JCVariableDecl;Lcom/sun/tools/javac/comp/Env;)Lcom/sun/tools/javac/comp/Env; @ 90
Event: 22.066 Thread 0x0000000018d75800 Uncommon trap: reason=class_check action=maybe_recompile pc=0x0000000003791118 method=com.sun.tools.javac.code.Type.containsAny(Lcom/sun/tools/javac/util/List;)Z @ 6
Event: 22.066 Thread 0x0000000018d75800 Uncommon trap: reason=class_check action=maybe_recompile pc=0x0000000003791118 method=com.sun.tools.javac.code.Type.containsAny(Lcom/sun/tools/javac/util/List;)Z @ 6
Event: 22.070 Thread 0x0000000018d75800 Uncommon trap: reason=class_check action=maybe_recompile pc=0x0000000003791118 method=com.sun.tools.javac.code.Type.containsAny(Lcom/sun/tools/javac/util/List;)Z @ 6
Event: 22.070 Thread 0x0000000018d75800 Uncommon trap: reason=class_check action=maybe_recompile pc=0x0000000003791118 method=com.sun.tools.javac.code.Type.containsAny(Lcom/sun/tools/javac/util/List;)Z @ 6
Event: 22.217 Thread 0x0000000018d75800 Uncommon trap: reason=unstable_if action=reinterpret pc=0x000000000379aa58 method=com.sun.tools.javac.util.ListBuffer.append(Ljava/lang/Object;)Lcom/sun/tools/javac/util/ListBuffer; @ 9

Classes redefined (0 events):
No events

Internal exceptions (10 events):
Event: 10.230 Thread 0x000000001d8b0800 Exception <a 'java/lang/NoSuchMethodError': <clinit>> (0x00000000e2a567e0) thrown at [D:\src\AOSP-openjdk-cygwin\jdk8u\hotspot\src\share\vm\prims\jni.cpp, line 1613]
Event: 10.243 Thread 0x000000001d8b0800 Exception <a 'java/lang/NoSuchMethodError': <clinit>> (0x00000000e2be5140) thrown at [D:\src\AOSP-openjdk-cygwin\jdk8u\hotspot\src\share\vm\prims\jni.cpp, line 1613]
Event: 10.244 Thread 0x000000001d8b0800 Exception <a 'java/lang/NoSuchMethodError': <clinit>> (0x00000000e2bf7f48) thrown at [D:\src\AOSP-openjdk-cygwin\jdk8u\hotspot\src\share\vm\prims\jni.cpp, line 1613]
Event: 10.244 Thread 0x000000001d8b0800 Exception <a 'java/lang/NoSuchMethodError': <clinit>> (0x00000000e2bf97f8) thrown at [D:\src\AOSP-openjdk-cygwin\jdk8u\hotspot\src\share\vm\prims\jni.cpp, line 1613]
Event: 10.283 Thread 0x000000001d8b0800 Implicit null exception at 0x00000000029477e8 to 0x0000000002947d19
Event: 10.797 Thread 0x0000000018d75800 Exception <a 'java/lang/NoSuchMethodError': <clinit>> (0x00000000e4194eb8) thrown at [D:\src\AOSP-openjdk-cygwin\jdk8u\hotspot\src\share\vm\prims\jni.cpp, line 1613]
Event: 10.797 Thread 0x0000000018d75800 Exception <a 'java/lang/NoSuchMethodError': <clinit>> (0x00000000e419fa70) thrown at [D:\src\AOSP-openjdk-cygwin\jdk8u\hotspot\src\share\vm\prims\jni.cpp, line 1613]
Event: 11.591 Thread 0x000000001d8be800 Exception <a 'java/lang/NoSuchMethodError': java.lang.Object.lambda$negate$1(Ljava/lang/Object;)Z> (0x00000000e678e0e0) thrown at [D:\src\AOSP-openjdk-cygwin\jdk8u\hotspot\src\share\vm\interpreter\linkResolver.cpp, line 584]
Event: 19.502 Thread 0x0000000018d75800 Exception <a 'java/lang/NoSuchMethodError': java.lang.Object.lambda$comparingInt$7b0bb60$1(Ljava/util/function/ToIntFunction;Ljava/lang/Object;Ljava/lang/Object;)I> (0x00000000e60872e0) thrown at [D:\src\AOSP-openjdk-cygwin\jdk8u\hotspot\src\share\vm\inte
Event: 19.715 Thread 0x0000000018d75800 Implicit null exception at 0x00000000035ad51a to 0x00000000035ad8e9

Events (10 events):
Event: 22.225 loading class com/sun/tools/javac/jvm/ClassFile$NameAndType
Event: 22.225 loading class com/sun/tools/javac/jvm/ClassFile$NameAndType done
Event: 22.281 loading class com/sun/tools/javac/comp/Lower$FreeVarCollector
Event: 22.281 loading class com/sun/tools/javac/comp/Lower$FreeVarCollector done
Event: 22.281 loading class com/sun/tools/javac/comp/Lower$BasicFreeVarCollector
Event: 22.281 loading class com/sun/tools/javac/comp/Lower$BasicFreeVarCollector done
Event: 22.526 Executing VM operation: ForceSafepoint
Event: 22.526 Executing VM operation: ForceSafepoint done
Event: 22.831 Thread 0x0000000018d75800 DEOPT PACKING pc=0x000000000259b6e8 sp=0x000000001a2ba060
Event: 22.831 Thread 0x0000000018d75800 DEOPT UNPACKING pc=0x00000000023c75d0 sp=0x000000001a2b9eb0 mode 0


Dynamic libraries:
0x00007ff753250000 - 0x00007ff753281000 	C:\Program Files\Android\Android Studio\jre\bin\java.exe
0x00007ffc19640000 - 0x00007ffc19821000 	C:\WINDOWS\SYSTEM32\ntdll.dll
0x00007ffbd7100000 - 0x00007ffbd7134000 	C:\Program Files\AVAST Software\Avast\x64\aswhooka.dll
0x00007ffc18ef0000 - 0x00007ffc18fa2000 	C:\WINDOWS\System32\KERNEL32.DLL
0x00007ffc16800000 - 0x00007ffc16a73000 	C:\WINDOWS\System32\KERNELBASE.dll
0x00007ffc18dc0000 - 0x00007ffc18e61000 	C:\WINDOWS\System32\ADVAPI32.dll
0x00007ffc18d20000 - 0x00007ffc18dbe000 	C:\WINDOWS\System32\msvcrt.dll
0x00007ffc16f20000 - 0x00007ffc16f7b000 	C:\WINDOWS\System32\sechost.dll
0x00007ffc18fb0000 - 0x00007ffc190d4000 	C:\WINDOWS\System32\RPCRT4.dll
0x00007ffc18ac0000 - 0x00007ffc18c50000 	C:\WINDOWS\System32\USER32.dll
0x00007ffc167e0000 - 0x00007ffc16800000 	C:\WINDOWS\System32\win32u.dll
0x00007ffc16bb0000 - 0x00007ffc16bd8000 	C:\WINDOWS\System32\GDI32.dll
0x00007ffc15cb0000 - 0x00007ffc15e42000 	C:\WINDOWS\System32\gdi32full.dll
0x00007ffc166e0000 - 0x00007ffc1677f000 	C:\WINDOWS\System32\msvcp_win.dll
0x00007ffc15e50000 - 0x00007ffc15f4a000 	C:\WINDOWS\System32\ucrtbase.dll
0x00007ffc0b960000 - 0x00007ffc0bbc9000 	C:\WINDOWS\WinSxS\amd64_microsoft.windows.common-controls_6595b64144ccf1df_6.0.17134.165_none_fb429645306569ac\COMCTL32.dll
0x00007ffc192e0000 - 0x00007ffc19603000 	C:\WINDOWS\System32\combase.dll
0x00007ffc15f50000 - 0x00007ffc15fca000 	C:\WINDOWS\System32\bcryptPrimitives.dll
0x00007ffc190e0000 - 0x00007ffc1910d000 	C:\WINDOWS\System32\IMM32.DLL
0x00000000537e0000 - 0x00000000538b2000 	C:\Program Files\Android\Android Studio\jre\jre\bin\msvcr100.dll
0x00000000512c0000 - 0x0000000051aff000 	C:\Program Files\Android\Android Studio\jre\jre\bin\server\jvm.dll
0x00007ffc18e70000 - 0x00007ffc18e78000 	C:\WINDOWS\System32\PSAPI.DLL
0x00007ffc01040000 - 0x00007ffc01049000 	C:\WINDOWS\SYSTEM32\WSOCK32.dll
0x00007ffc18e80000 - 0x00007ffc18eec000 	C:\WINDOWS\System32\WS2_32.dll
0x00007ffc12690000 - 0x00007ffc126b3000 	C:\WINDOWS\SYSTEM32\WINMM.dll
0x00007ffc03ea0000 - 0x00007ffc03eaa000 	C:\WINDOWS\SYSTEM32\VERSION.dll
0x00007ffc12660000 - 0x00007ffc1268a000 	C:\WINDOWS\SYSTEM32\WINMMBASE.dll
0x00007ffc16a80000 - 0x00007ffc16ac9000 	C:\WINDOWS\System32\cfgmgr32.dll
0x00007ffc0e900000 - 0x00007ffc0e90f000 	C:\Program Files\Android\Android Studio\jre\jre\bin\verify.dll
0x00007ffc0a750000 - 0x00007ffc0a779000 	C:\Program Files\Android\Android Studio\jre\jre\bin\java.dll
0x00007ffc0a730000 - 0x00007ffc0a746000 	C:\Program Files\Android\Android Studio\jre\jre\bin\zip.dll
0x00007ffc173d0000 - 0x00007ffc18810000 	C:\WINDOWS\System32\SHELL32.dll
0x00007ffc16e60000 - 0x00007ffc16f09000 	C:\WINDOWS\System32\shcore.dll
0x00007ffc15fd0000 - 0x00007ffc166dd000 	C:\WINDOWS\System32\windows.storage.dll
0x00007ffc18a60000 - 0x00007ffc18ab1000 	C:\WINDOWS\System32\shlwapi.dll
0x00007ffc15950000 - 0x00007ffc15961000 	C:\WINDOWS\System32\kernel.appcore.dll
0x00007ffc159f0000 - 0x00007ffc15a0f000 	C:\WINDOWS\System32\profapi.dll
0x00007ffc15970000 - 0x00007ffc159bc000 	C:\WINDOWS\System32\powrprof.dll
0x00007ffc159c0000 - 0x00007ffc159ca000 	C:\WINDOWS\System32\FLTLIB.DLL
0x00007ffc0a710000 - 0x00007ffc0a72a000 	C:\Program Files\Android\Android Studio\jre\jre\bin\net.dll
0x00007ffc15170000 - 0x00007ffc151d6000 	C:\WINDOWS\system32\mswsock.dll
0x00007ffc0a6f0000 - 0x00007ffc0a701000 	C:\Program Files\Android\Android Studio\jre\jre\bin\nio.dll
0x00007ffc0b820000 - 0x00007ffc0b83e000 	C:\Users\Renan-PC\.gradle\native\25\windows-amd64\native-platform.dll
0x00007ffc0f3f0000 - 0x00007ffc0f3fd000 	C:\Program Files\Android\Android Studio\jre\jre\bin\management.dll
0x00007ffc15390000 - 0x00007ffc153a7000 	C:\WINDOWS\SYSTEM32\CRYPTSP.dll
0x00007ffc14d50000 - 0x00007ffc14d83000 	C:\WINDOWS\system32\rsaenh.dll
0x00007ffc154b0000 - 0x00007ffc154d5000 	C:\WINDOWS\SYSTEM32\bcrypt.dll
0x00007ffc15880000 - 0x00007ffc158a8000 	C:\WINDOWS\SYSTEM32\USERENV.dll
0x00007ffc15380000 - 0x00007ffc1538b000 	C:\WINDOWS\SYSTEM32\CRYPTBASE.dll
0x00007ffc14ef0000 - 0x00007ffc14f28000 	C:\WINDOWS\SYSTEM32\IPHLPAPI.DLL
0x00007ffc19110000 - 0x00007ffc19118000 	C:\WINDOWS\System32\NSI.dll
0x00007ffc0fdb0000 - 0x00007ffc0fdc6000 	C:\WINDOWS\SYSTEM32\dhcpcsvc6.DLL
0x00007ffc0fd90000 - 0x00007ffc0fdaa000 	C:\WINDOWS\SYSTEM32\dhcpcsvc.DLL

VM Arguments:
jvm_args: -Xmx1536m -Dfile.encoding=windows-1252 -Duser.country=BR -Duser.language=pt -Duser.variant 
java_command: org.gradle.launcher.daemon.bootstrap.GradleDaemon 4.4
java_class_path (initial): C:\Users\Renan-PC\.gradle\wrapper\dists\gradle-4.4-all\9br9xq1tocpiv8o6njlyu5op1\gradle-4.4\lib\gradle-launcher-4.4.jar
Launcher Type: SUN_STANDARD

Environment Variables:
PATH=C:\Program Files (x86)\Common Files\Oracle\Java\javapath;C:\WINDOWS\system32;C:\WINDOWS;C:\WINDOWS\System32\Wbem;C:\WINDOWS\System32\WindowsPowerShell\v1.0\;C:\WINDOWS\System32\OpenSSH\;C:\Program Files\dotnet\;C:\Program Files\Microsoft SQL Server\130\Tools\Binn\;C:\Program Files\Microsoft SQL Server\Client SDK\ODBC\130\Tools\Binn\;C:\Program Files (x86)\Microsoft SQL Server\140\Tools\Binn\;C:\Program Files\Microsoft SQL Server\140\Tools\Binn\;C:\Program Files\Microsoft SQL Server\140\DTS\Binn\;C:\Program Files (x86)\Microsoft SQL Server\Client SDK\ODBC\130\Tools\Binn\;C:\Program Files (x86)\Microsoft SQL Server\140\DTS\Binn\;C:\Program Files (x86)\Microsoft SQL Server\140\Tools\Binn\ManagementStudio\;C:\Program Files (x86)\Windows Kits\8.1\Windows Performance Toolkit\;C:\Program Files\Microsoft SQL Server\110\Tools\Binn\;C:\Program Files (x86)\Microsoft SDKs\TypeScript\1.0\;C:\Program Files\Microsoft SQL Server\120\Tools\Binn\;C:\Program Files\Git\cmd;C:\Program Files\Java\jdk1.8.0_172\bin
USERNAME=Renan-PC
OS=Windows_NT
PROCESSOR_IDENTIFIER=Intel64 Family 6 Model 142 Stepping 9, GenuineIntel



---------------  S Y S T E M  ---------------

OS: Windows 10.0 , 64 bit Build 17134 (10.0.17134.1)

CPU:total 4 (initial active 4) (2 cores per cpu, 2 threads per core) family 6 model 142 stepping 9, cmov, cx8, fxsr, mmx, sse, sse2, sse3, ssse3, sse4.1, sse4.2, popcnt, avx, avx2, aes, clmul, erms, 3dnowpref, lzcnt, ht, tsc, tscinvbit, bmi1, bmi2, adx

Memory: 4k page, physical 8251480k(1983232k free), swap 8251480k(2816k free)

vm_info: OpenJDK 64-Bit Server VM (25.152-b02) for windows-amd64 JRE (1.8.0_152-release-1024-b02), built by "builder" with MS VC++ 10.0 (VS2010)

time: Thu Aug 09 16:12:26 2018
elapsed time: 22 seconds (0d 0h 0m 22s)

